[uWC::Log][2021-06-13 17:39:23] Start
[uWC::Err][2021-06-13 17:39:23] WindowsGraphicsCapture::CreateItem() threw an exception: 0x80070057
[uWC::Err][2021-06-13 17:39:23] WindowsGraphicsCapture::CreateItem() threw an exception: 0x80070057
[uWC::Err][2021-06-13 17:39:23] WindowsGraphicsCapture::CreateItem() threw an exception: 0x80070057
[uWC::Err][2021-06-13 17:39:23] WindowsGraphicsCapture::CreateItem() threw an exception: 0x80070057
[uWC::Err][2021-06-13 17:39:23] WindowsGraphicsCapture::CreateItem() threw an exception: 0x80070057
[uWC::Err][2021-06-13 17:39:23] WindowsGraphicsCapture::CreateItem() threw an exception: 0x80070057
[uWC::Err][2021-06-13 17:39:23] WindowsGraphicsCapture::CreateItem() threw an exception: 0x80070057
[uWC::Err][2021-06-13 17:39:23] WindowsGraphicsCapture::CreateItem() threw an exception: 0x80070057
[uWC::Err][2021-06-13 17:39:23] WindowsGraphicsCapture::CreateItem() threw an exception: 0x80070057
[uWC::Err][2021-06-13 17:39:23] WindowsGraphicsCapture::CreateItem() threw an exception: 0x80070057
[uWC::Err][2021-06-13 17:39:23] WindowsGraphicsCapture::CreateItem() threw an exception: 0x80070057
[uWC::Err][2021-06-13 17:39:23] WindowsGraphicsCapture::CreateItem() threw an exception: 0x80070057
[uWC::Err][2021-06-13 17:39:23] WindowsGraphicsCapture::CreateItem() threw an exception: 0x80070057
[uWC::Err][2021-06-13 17:39:23] WindowsGraphicsCapture::CreateItem() threw an exception: 0x80070057
[uWC::Err][2021-06-13 17:39:23] WindowsGraphicsCapture::CreateItem() threw an exception: 0x80070057
[uWC::Err][2021-06-13 17:39:24] WindowTexture::RecreateSharedTextureIfNeeded => GetSharedHandle() failed.
[uWC::Err][2021-06-13 17:40:16] WindowsGraphicsCapture::CreateItem() threw an exception: 0x80070057
[uWC::Err][2021-06-13 17:40:20] WindowsGraphicsCapture::CreateItem() threw an exception: 0x80070057
[uWC::Err][2021-06-13 17:40:20] WindowsGraphicsCapture::CreateItem() threw an exception: 0x80070057
[uWC::Err][2021-06-13 17:41:06] WindowsGraphicsCapture::CreateItem() threw an exception: 0x80070057
[uWC::Err][2021-06-13 17:41:07] WindowsGraphicsCapture::CreateItem() threw an exception: 0x80070057
[uWC::Err][2021-06-13 17:41:15] WindowsGraphicsCapture::CreateItem() threw an exception: 0x80070057
[uWC::Err][2021-06-13 17:41:15] WindowsGraphicsCapture::CreateItem() threw an exception: 0x80070057
[uWC::Err][2021-06-13 17:41:41] WindowsGraphicsCapture::CreateItem() threw an exception: 0x80070057
[uWC::Err][2021-06-13 17:41:42] WindowsGraphicsCapture::CreateItem() threw an exception: 0x80070057
[uWC::Err][2021-06-13 17:41:44] WindowsGraphicsCapture::CreateItem() threw an exception: 0x80070057
[uWC::Err][2021-06-13 17:41:44] WindowsGraphicsCapture::CreateItem() threw an exception: 0x80070057
[uWC::Err][2021-06-13 17:41:57] WindowsGraphicsCapture::CreateItem() threw an exception: 0x80070057
[uWC::Err][2021-06-13 17:42:01] WindowsGraphicsCapture::CreateItem() threw an exception: 0x80070057
[uWC::Err][2021-06-13 17:42:01] WindowTexture::RecreateSharedTextureIfNeeded => Offsets are invalid.
[uWC::Err][2021-06-13 17:42:18] WindowsGraphicsCapture::CreateItem() threw an exception: 0x80070057
[uWC::Err][2021-06-13 17:42:18] WindowsGraphicsCapture::CreateItem() threw an exception: 0x80070057
[uWC::Err][2021-06-13 17:42:20] WindowsGraphicsCapture::CreateItem() threw an exception: 0x80070057
[uWC::Err][2021-06-13 17:42:20] WindowsGraphicsCapture::CreateItem() threw an exception: 0x80070057
[uWC::Err][2021-06-13 17:42:20] WindowsGraphicsCapture::CreateItem() threw an exception: 0x80070057
[uWC::Err][2021-06-13 17:42:58] WindowsGraphicsCapture::CreateItem() threw an exception: 0x80070057
[uWC::Err][2021-06-13 17:43:01] WindowsGraphicsCapture::CreateItem() threw an exception: 0x80070057
[uWC::Err][2021-06-13 17:43:01] WindowsGraphicsCapture::CreateItem() threw an exception: 0x80070057
[uWC::Err][2021-06-13 17:43:07] WindowsGraphicsCapture::CreateItem() threw an exception: 0x80070057
[uWC::Err][2021-06-13 17:43:12] WindowsGraphicsCapture::CreateItem() threw an exception: 0x80070057
[uWC::Err][2021-06-13 17:43:13] WindowsGraphicsCapture::CreateItem() threw an exception: 0x80070057
[uWC::Err][2021-06-13 17:43:15] WindowsGraphicsCapture::CreateItem() threw an exception: 0x80070057
[uWC::Err][2021-06-13 17:43:17] WindowsGraphicsCapture::CreateItem() threw an exception: 0x80070057
[uWC::Err][2021-06-13 17:43:17] WindowsGraphicsCapture::CreateItem() threw an exception: 0x80070057
[uWC::Err][2021-06-13 17:43:20] WindowsGraphicsCapture::CreateItem() threw an exception: 0x80070057
[uWC::Err][2021-06-13 17:43:20] WindowsGraphicsCapture::CreateItem() threw an exception: 0x80070057
[uWC::Err][2021-06-13 17:43:20] WindowsGraphicsCapture::CreateItem() threw an exception: 0x80070057
[uWC::Err][2021-06-13 17:43:21] WindowsGraphicsCapture::CreateItem() threw an exception: 0x80070057
[uWC::Err][2021-06-13 17:43:26] WindowsGraphicsCapture::CreateItem() threw an exception: 0x80070057
[uWC::Err][2021-06-13 17:43:27] WindowsGraphicsCapture::CreateItem() threw an exception: 0x80070057
[uWC::Err][2021-06-13 17:43:27] WindowsGraphicsCapture::CreateItem() threw an exception: 0x80070057
[uWC::Err][2021-06-13 17:43:30] WindowsGraphicsCapture::CreateItem() threw an exception: 0x80070057
[uWC::Err][2021-06-13 17:43:31] WindowsGraphicsCapture::CreateItem() threw an exception: 0x80070057
[uWC::Err][2021-06-13 17:43:31] WindowsGraphicsCapture::CreateItem() threw an exception: 0x80070057
[uWC::Err][2021-06-13 17:43:31] WindowsGraphicsCapture::CreateItem() threw an exception: 0x80070057
[uWC::Err][2021-06-13 17:43:32] WindowsGraphicsCapture::CreateItem() threw an exception: 0x80070057
[uWC::Err][2021-06-13 17:43:32] WindowsGraphicsCapture::CreateItem() threw an exception: 0x80070057
[uWC::Err][2021-06-13 17:43:32] WindowsGraphicsCapture::CreateItem() threw an exception: 0x80070057
[uWC::Err][2021-06-13 17:43:32] WindowsGraphicsCapture::CreateItem() threw an exception: 0x80070057
[uWC::Err][2021-06-13 17:43:33] WindowsGraphicsCapture::CreateItem() threw an exception: 0x80070057
[uWC::Err][2021-06-13 17:43:33] WindowsGraphicsCapture::CreateItem() threw an exception: 0x80070057
[uWC::Err][2021-06-13 17:43:33] WindowsGraphicsCapture::CreateItem() threw an exception: 0x80070057
[uWC::Err][2021-06-13 17:43:33] WindowsGraphicsCapture::CreateItem() threw an exception: 0x80070057
[uWC::Err][2021-06-13 17:43:34] WindowsGraphicsCapture::CreateItem() threw an exception: 0x80070057
[uWC::Err][2021-06-13 17:43:34] WindowsGraphicsCapture::CreateItem() threw an exception: 0x80070057
[uWC::Err][2021-06-13 17:43:35] WindowsGraphicsCapture::CreateItem() threw an exception: 0x80070057
[uWC::Err][2021-06-13 17:43:35] WindowsGraphicsCapture::CreateItem() threw an exception: 0x80070057
[uWC::Err][2021-06-13 17:43:35] WindowsGraphicsCapture::CreateItem() threw an exception: 0x80070057
[uWC::Err][2021-06-13 17:43:35] WindowsGraphicsCapture::CreateItem() threw an exception: 0x80070057
[uWC::Err][2021-06-13 17:43:36] WindowsGraphicsCapture::CreateItem() threw an exception: 0x80070057
[uWC::Err][2021-06-13 17:43:36] WindowsGraphicsCapture::CreateItem() threw an exception: 0x80070057
[uWC::Err][2021-06-13 17:43:36] WindowsGraphicsCapture::CreateItem() threw an exception: 0x80070057
[uWC::Err][2021-06-13 17:43:36] WindowsGraphicsCapture::CreateItem() threw an exception: 0x80070057
[uWC::Err][2021-06-13 17:43:36] WindowsGraphicsCapture::CreateItem() threw an exception: 0x80070057
[uWC::Err][2021-06-13 17:43:36] WindowsGraphicsCapture::CreateItem() threw an exception: 0x80070057
[uWC::Err][2021-06-13 17:43:37] WindowsGraphicsCapture::CreateItem() threw an exception: 0x80070057
[uWC::Err][2021-06-13 17:43:37] WindowsGraphicsCapture::CreateItem() threw an exception: 0x80070057
[uWC::Err][2021-06-13 17:43:38] WindowsGraphicsCapture::CreateItem() threw an exception: 0x80070057
[uWC::Err][2021-06-13 17:43:38] WindowsGraphicsCapture::CreateItem() threw an exception: 0x80070057
[uWC::Err][2021-06-13 17:43:38] WindowsGraphicsCapture::CreateItem() threw an exception: 0x80070057
[uWC::Err][2021-06-13 17:43:38] WindowsGraphicsCapture::CreateItem() threw an exception: 0x80070057
[uWC::Err][2021-06-13 17:43:40] WindowsGraphicsCapture::CreateItem() threw an exception: 0x80070057
[uWC::Err][2021-06-13 17:43:40] WindowsGraphicsCapture::CreateItem() threw an exception: 0x80070057
[uWC::Err][2021-06-13 17:43:40] WindowsGraphicsCapture::CreateItem() threw an exception: 0x80070057
[uWC::Err][2021-06-13 17:43:40] WindowsGraphicsCapture::CreateItem() threw an exception: 0x80070057
[uWC::Err][2021-06-13 17:43:43] WindowsGraphicsCapture::CreateItem() threw an exception: 0x80070057
[uWC::Err][2021-06-13 17:43:43] WindowsGraphicsCapture::CreateItem() threw an exception: 0x80070057
[uWC::Err][2021-06-13 17:43:44] WindowsGraphicsCapture::CreateItem() threw an exception: 0x80070057
[uWC::Err][2021-06-13 17:43:44] WindowsGraphicsCapture::CreateItem() threw an exception: 0x80070057
[uWC::Err][2021-06-13 17:43:44] WindowsGraphicsCapture::CreateItem() threw an exception: 0x80070057
[uWC::Err][2021-06-13 17:43:44] WindowsGraphicsCapture::CreateItem() threw an exception: 0x80070057
[uWC::Err][2021-06-13 17:43:45] WindowsGraphicsCapture::CreateItem() threw an exception: 0x80070057
[uWC::Err][2021-06-13 17:43:45] WindowsGraphicsCapture::CreateItem() threw an exception: 0x80070057
[uWC::Err][2021-06-13 17:43:58] WindowsGraphicsCapture::CreateItem() threw an exception: 0x80070057
[uWC::Err][2021-06-13 17:43:58] WindowsGraphicsCapture::CreateItem() threw an exception: 0x80070057
[uWC::Err][2021-06-13 17:43:58] WindowsGraphicsCapture::CreateItem() threw an exception: 0x80070057
[uWC::Err][2021-06-13 17:43:58] WindowsGraphicsCapture::CreateItem() threw an exception: 0x80070057
[uWC::Err][2021-06-13 17:43:59] WindowsGraphicsCapture::CreateItem() threw an exception: 0x80070057
[uWC::Err][2021-06-13 17:43:59] WindowsGraphicsCapture::CreateItem() threw an exception: 0x80070057
[uWC::Err][2021-06-13 17:43:59] WindowsGraphicsCapture::CreateItem() threw an exception: 0x80070057
[uWC::Err][2021-06-13 17:43:59] WindowsGraphicsCapture::CreateItem() threw an exception: 0x80070057
[uWC::Err][2021-06-13 17:44:03] WindowsGraphicsCapture::CreateItem() threw an exception: 0x80070057
[uWC::Err][2021-06-13 17:44:03] WindowsGraphicsCapture::CreateItem() threw an exception: 0x80070057
[uWC::Err][2021-06-13 17:44:05] WindowsGraphicsCapture::CreateItem() threw an exception: 0x80070057
[uWC::Err][2021-06-13 17:44:05] WindowsGraphicsCapture::CreateItem() threw an exception: 0x80070057
[uWC::Err][2021-06-13 17:44:06] WindowsGraphicsCapture::CreateItem() threw an exception: 0x80070057
[uWC::Err][2021-06-13 17:44:06] WindowsGraphicsCapture::CreateItem() threw an exception: 0x80070057
[uWC::Err][2021-06-13 17:44:06] WindowsGraphicsCapture::CreateItem() threw an exception: 0x80070057
[uWC::Err][2021-06-13 17:44:06] WindowsGraphicsCapture::CreateItem() threw an exception: 0x80070057
[uWC::Err][2021-06-13 17:44:07] WindowsGraphicsCapture::CreateItem() threw an exception: 0x80070057
[uWC::Err][2021-06-13 17:44:07] WindowsGraphicsCapture::CreateItem() threw an exception: 0x80070057
[uWC::Err][2021-06-13 17:44:07] WindowsGraphicsCapture::CreateItem() threw an exception: 0x80070057
[uWC::Err][2021-06-13 17:44:07] WindowsGraphicsCapture::CreateItem() threw an exception: 0x80070057
[uWC::Err][2021-06-13 17:44:08] WindowsGraphicsCapture::CreateItem() threw an exception: 0x80070057
[uWC::Err][2021-06-13 17:44:08] WindowsGraphicsCapture::CreateItem() threw an exception: 0x80070057
[uWC::Err][2021-06-13 17:44:12] WindowsGraphicsCapture::CreateItem() threw an exception: 0x80070057
[uWC::Log][2021-06-13 17:44:16] Stop
